<?xml version="1.0" encoding="UTF-8"?>
<testng-results ignored="0" total="1" passed="1" failed="0" skipped="0">
  <reporter-output>
  </reporter-output>
  <suite started-at="2022-10-03T22:52:22 IST" name="Default suite" finished-at="2022-10-03T22:52:43 IST" duration-ms="20781">
    <groups>
    </groups>
    <test started-at="2022-10-03T22:52:22 IST" name="Default test" finished-at="2022-10-03T22:52:43 IST" duration-ms="20781">
      <class name="com.automation.practice.ClosingChildsOfActitimeNoQuit">
        <test-method signature="countingTabs()[pri:0, instance:com.automation.practice.ClosingChildsOfActitimeNoQuit@1b6e1eff]" started-at="2022-10-03T22:52:22 IST" name="countingTabs" finished-at="2022-10-03T22:52:43 IST" duration-ms="20723" status="PASS">
          <reporter-output>
          </reporter-output>
        </test-method> <!-- countingTabs -->
      </class> <!-- com.automation.practice.ClosingChildsOfActitimeNoQuit -->
    </test> <!-- Default test -->
  </suite> <!-- Default suite -->
</testng-results>
